[debug] [2020-09-01T22:49:35.765Z] ----------------------------------------------------------------------
[debug] [2020-09-01T22:49:35.767Z] Command:       C:\Program Files\nodejs\node.exe C:\Users\matsl\AppData\Roaming\npm\node_modules\firebase-tools\lib\bin\firebase.js functions:shell
[debug] [2020-09-01T22:49:35.767Z] CLI Version:   8.9.2
[debug] [2020-09-01T22:49:35.767Z] Platform:      win32
[debug] [2020-09-01T22:49:35.767Z] Node Version:  v12.18.1
[debug] [2020-09-01T22:49:35.768Z] Time:          Wed Sep 02 2020 00:49:35 GMT+0200 (GMT+02:00)
[debug] [2020-09-01T22:49:35.768Z] ----------------------------------------------------------------------
[debug] [2020-09-01T22:49:35.768Z] 
[debug] [2020-09-01T22:49:35.775Z] > command requires scopes: ["email","openid","https://www.googleapis.com/auth/cloudplatformprojects.readonly","https://www.googleapis.com/auth/firebase","https://www.googleapis.com/auth/cloud-platform"]
[debug] [2020-09-01T22:49:35.775Z] > authorizing via signed-in user
[debug] [2020-09-01T22:49:35.775Z] [iam] checking project spritjakt for permissions ["firebase.projects.get"]
[debug] [2020-09-01T22:49:35.777Z] >>> HTTP REQUEST POST https://cloudresourcemanager.googleapis.com/v1/projects/spritjakt:testIamPermissions  
 {"permissions":["firebase.projects.get"]}
[debug] [2020-09-01T22:49:36.645Z] <<< HTTP RESPONSE 200 {"content-type":"application/json; charset=UTF-8","vary":"X-Origin, Referer, Origin,Accept-Encoding","date":"Tue, 01 Sep 2020 22:49:35 GMT","server":"ESF","cache-control":"private","x-xss-protection":"0","x-frame-options":"SAMEORIGIN","x-content-type-options":"nosniff","server-timing":"gfet4t7; dur=799","alt-svc":"h3-29=\":443\"; ma=2592000,h3-27=\":443\"; ma=2592000,h3-T051=\":443\"; ma=2592000,h3-T050=\":443\"; ma=2592000,h3-Q050=\":443\"; ma=2592000,h3-Q046=\":443\"; ma=2592000,h3-Q043=\":443\"; ma=2592000,quic=\":443\"; ma=2592000; v=\"46,43\"","accept-ranges":"none","transfer-encoding":"chunked"}
[warn] !  Your requested "node" version "10" doesn't match your global version "12" {"metadata":{"emulator":{"name":"functions"},"message":"Your requested \"node\" version \"10\" doesn't match your global version \"12\""}}
[debug] [2020-09-01T22:49:38.655Z] defaultcredentials: writing to file C:\Users\matsl\AppData\Roaming\firebase\matslovstrandberntsen_gmail_com_application_default_credentials.json
[debug] [2020-09-01T22:49:38.656Z] DEBUG: Setting GAC to C:\Users\matsl\AppData\Roaming\firebase\matslovstrandberntsen_gmail_com_application_default_credentials.json
[debug] [2020-09-01T22:49:38.661Z] [functions] Watching "E:\matsl\Documents\Projects\Spritjakt.no\functions" for Cloud Functions...
[debug] [2020-09-01T22:49:38.669Z] DEBUG: [worker-pool] addWorker(~diagnostic~)
[debug] [2020-09-01T22:49:38.670Z] DEBUG: [worker-pool] Adding worker with key ~diagnostic~, total=1
[debug] [2020-09-01T22:49:38.670Z] DEBUG: [worker-pool] submitWork(triggerId=)
[debug] [2020-09-01T22:49:38.670Z] DEBUG: [worker-~diagnostic~-d06038ff-d404-4f85-8fe9-0dd357ad946d]: Assigning socketPath: \\?\pipe\E:\matsl\Documents\Projects\Spritjakt.no\functions\13080
[debug] [2020-09-01T22:49:38.670Z] DEBUG: [worker-~diagnostic~-d06038ff-d404-4f85-8fe9-0dd357ad946d]: BUSY
[debug] [2020-09-01T22:49:38.933Z] DEBUG: [runtime-status] [13080] Functions runtime initialized. {"cwd":"E:\\matsl\\Documents\\Projects\\Spritjakt.no\\functions","node_version":"12.18.1"}
[debug] [2020-09-01T22:49:38.934Z] DEBUG: [runtime-status] [13080] Disabled runtime features: undefined
[debug] [2020-09-01T22:49:38.938Z] DEBUG: [runtime-status] [13080] Resolved module firebase-admin {"declared":true,"installed":true,"version":"8.13.0","resolution":"E:\\matsl\\Documents\\Projects\\Spritjakt.no\\functions\\node_modules\\firebase-admin\\lib\\index.js"}
[debug] [2020-09-01T22:49:38.939Z] DEBUG: [runtime-status] [13080] Resolved module firebase-functions {"declared":true,"installed":true,"version":"3.7.0","resolution":"E:\\matsl\\Documents\\Projects\\Spritjakt.no\\functions\\node_modules\\firebase-functions\\lib\\index.js"}
[debug] [2020-09-01T22:49:38.940Z] DEBUG: [runtime-status] [13080] Found local functions config: E:\matsl\Documents\Projects\Spritjakt.no\functions/.runtimeconfig.json
[debug] [2020-09-01T22:49:38.940Z] DEBUG: [runtime-status] [13080] Resolved module firebase-functions {"declared":true,"installed":true,"version":"3.7.0","resolution":"E:\\matsl\\Documents\\Projects\\Spritjakt.no\\functions\\node_modules\\firebase-functions\\lib\\index.js"}
[debug] [2020-09-01T22:49:38.941Z] DEBUG: [runtime-status] [13080] Outgoing network have been stubbed. [{"name":"http","status":"mocked"},{"name":"http","status":"mocked"},{"name":"https","status":"mocked"},{"name":"https","status":"mocked"},{"name":"net","status":"mocked"}]
[debug] [2020-09-01T22:49:38.942Z] DEBUG: [runtime-status] [13080] Resolved module firebase-functions {"declared":true,"installed":true,"version":"3.7.0","resolution":"E:\\matsl\\Documents\\Projects\\Spritjakt.no\\functions\\node_modules\\firebase-functions\\lib\\index.js"}
